{
  "stats": {
    "suites": 1,
    "tests": 1,
    "passes": 0,
    "pending": 0,
    "failures": 1,
    "start": "2022-12-30T02:25:38.777Z",
    "end": "2022-12-30T02:25:40.111Z",
    "duration": 1334,
    "testsRegistered": 1,
    "passPercent": 0,
    "pendingPercent": 0,
    "other": 0,
    "hasOther": false,
    "skipped": 0,
    "hasSkipped": false
  },
  "results": [
    {
      "uuid": "5837efd6-77ba-4795-99af-6ad651f84fdc",
      "title": "",
      "fullFile": "cypress/integration/Main Project/skyrizi_de/epermission.js",
      "file": "cypress/integration/Main Project/skyrizi_de/epermission.js",
      "beforeHooks": [],
      "afterHooks": [],
      "tests": [],
      "suites": [
        {
          "uuid": "1e9d81e1-838d-467f-91f2-b1663a1d1cd1",
          "title": "Skyrizi-de - ePermission Form : Field validations and submit the form",
          "fullFile": "",
          "file": "",
          "beforeHooks": [],
          "afterHooks": [],
          "tests": [
            {
              "title": "Visits Skyrizi-de ePermission Form",
              "fullTitle": "Skyrizi-de - ePermission Form : Field validations and submit the form Visits Skyrizi-de ePermission Form",
              "timedOut": null,
              "duration": 1149,
              "state": "failed",
              "speed": null,
              "pass": false,
              "fail": true,
              "pending": false,
              "context": "{\n  \"title\": \"cypress-mochawesome-reporter-screenshots\",\n  \"value\": [\n    [\n      {\n        \"title\": \"Failed screenshot\",\n        \"value\": \"/Main Project/skyrizi_de/epermission.js/Skyrizi-de - ePermission Form  Field validations and submit the form -- Visits Skyrizi-de ePermission Form (failed).png\"\n      }\n    ]\n  ]\n}",
              "code": "cy.visit('https://www-q.skyrizi.de/');\ncy.get('#acceptCookieButton').click(); // Accept cookie\nCypress.on('uncaught:exception', (err, runnable) => {\n  return false;\n});\ncy.visit('https://www-q.skyrizi.de/open.html?key006-test'); // insert the valid key after the site url\n//epermission subscribe form submission without any input\ncy.get('.text-right > .btn').click(); // click on submit button\n//checking the error messages for mandatory fields\ncy.get('.col-md-2 > .form-group > .text-danger').contains(common_text1);\ncy.get(':nth-child(14) > :nth-child(2) > .form-group > .text-danger').contains(common_text2);\ncy.get(':nth-child(3) > .form-group > .text-danger').contains(common_text3);\ncy.get(':nth-child(15) > .text-danger').contains(common_text4);\ncy.get(':nth-child(16) > .col-md-9 > .form-group > .text-danger').contains(common_text5);\ncy.get(':nth-child(16) > .col-md-3 > .form-group > .text-danger').contains(common_text6);\ncy.get(':nth-child(17) > .col-md-3 > .form-group > .text-danger').contains(common_text7);\ncy.get(':nth-child(17) > .col-md-9 > .form-group > .text-danger').contains(common_text8);\ncy.get(':nth-child(18) > :nth-child(1) > .text-danger').contains(common_text9);\ncy.get('.custom-control.mb-5 > .cmp-text > .text-danger').contains(common_text10);\ncy.get(':nth-child(22) > .text-danger').contains(common_text11);\ncy.get(':nth-child(24) > .text-danger').contains(common_text12);\ncy.scrollTo('top');\ncy.wait(pause); // submission with all valid input\ncy.get('[name=salutation]').type(salutation);\ncy.get('[name=salutation]').should('have.value', salutation);\ncy.get('[name=firstName]').type(first_name);\ncy.get('[name=firstName]').should('have.value', first_name);\ncy.get('[name=name]').type(name);\ncy.get('[name=name]').should('have.value', name);\ncy.get('[name=institut]').type(university);\ncy.get('[name=institut]').should('have.value', university);\ncy.get('[name=street]').type(street_name);\ncy.get('[name=street]').should('have.value', street_name);\ncy.get('[name=streetno]').type(street_no);\ncy.get('[name=streetno]').should('have.value', street_no);\ncy.get('[name=zip]').type(zip);\ncy.get('[name=zip]').should('have.value', zip);\ncy.get('[name=city]').type(city);\ncy.get('[name=city]').should('have.value', city);\ncy.get(':nth-child(18) > :nth-child(1) > .form-check-label > p').click(); //interest checkbox \ncy.wait(pause); //Click on all options\ncy.get('.group-checkbox').contains('Dermatologie').click();\ncy.get('.group-checkbox').contains('Darmerkrankungen').click();\ncy.get('.group-checkbox').contains('Hepatitis C').click();\ncy.get('.group-checkbox').contains('Neurologie').click();\ncy.get('.group-checkbox').contains('Neonatologie').click();\ncy.get('.group-checkbox').contains('Onkologie').click();\ncy.get('.group-checkbox').contains('Ophthalmologie').click();\ncy.get('.group-checkbox').contains('Rheumatologie').click();\ncy.wait(pause);\ncy.get('.custom-control.mb-5').click(); // communication checkbox\ncy.get('[name=email]').type(email);\ncy.get('[name=email]').should('have.value', email);\ncy.get('.form-check-label > .form-check-label-block > p').click(); //Terms and services checkbox \ncy.wait(pause);\ncy.get('.text-right > .btn').click(); // click on submit button\ncy.wait(pause);\ncy.get('h2 > .text-primary').contains(eperm_success_msg); // after successful submission redirect to epermission subscribe successful page and display success message",
              "err": {
                "message": "CypressError: `cy.visit()` failed trying to load:\n\nhttps://www-q.skyrizi.de/\n\nThe response we received from your web server was:\n\n  > 403: Forbidden\n\nThis was considered a failure because the status code was not `2xx`.\n\nIf you do not want status codes to cause failures pass the option: `failOnStatusCode: false`",
                "estack": "CypressError: `cy.visit()` failed trying to load:\n\nhttps://www-q.skyrizi.de/\n\nThe response we received from your web server was:\n\n  > 403: Forbidden\n\nThis was considered a failure because the status code was not `2xx`.\n\nIf you do not want status codes to cause failures pass the option: `failOnStatusCode: false`\n    at http://localhost:51128/__cypress/runner/cypress_runner.js:159291:84\n    at visitFailedByErr (http://localhost:51128/__cypress/runner/cypress_runner.js:158660:12)\n    at http://localhost:51128/__cypress/runner/cypress_runner.js:159271:13\n    at tryCatcher (http://localhost:51128/__cypress/runner/cypress_runner.js:13196:23)\n    at Promise._settlePromiseFromHandler (http://localhost:51128/__cypress/runner/cypress_runner.js:11131:31)\n    at Promise._settlePromise (http://localhost:51128/__cypress/runner/cypress_runner.js:11188:18)\n    at Promise._settlePromise0 (http://localhost:51128/__cypress/runner/cypress_runner.js:11233:10)\n    at Promise._settlePromises (http://localhost:51128/__cypress/runner/cypress_runner.js:11309:18)\n    at _drainQueueStep (http://localhost:51128/__cypress/runner/cypress_runner.js:7903:12)\n    at _drainQueue (http://localhost:51128/__cypress/runner/cypress_runner.js:7896:9)\n    at Async.../../node_modules/bluebird/js/release/async.js.Async._drainQueues (http://localhost:51128/__cypress/runner/cypress_runner.js:7912:5)\n    at Async.drainQueues (http://localhost:51128/__cypress/runner/cypress_runner.js:7782:14)\nFrom Your Spec Code:\n    at Context.eval (http://localhost:51128/__cypress/tests?p=cypress/integration/Main%2520Project/skyrizi_de/epermission.js:124:8)",
                "diff": null
              },
              "uuid": "3dccc0b7-860a-44fd-bb53-1da69f358a7f",
              "parentUUID": "1e9d81e1-838d-467f-91f2-b1663a1d1cd1",
              "isHook": false,
              "skipped": false
            }
          ],
          "suites": [],
          "passes": [],
          "failures": [
            "3dccc0b7-860a-44fd-bb53-1da69f358a7f"
          ],
          "pending": [],
          "skipped": [],
          "duration": 1149,
          "root": false,
          "rootEmpty": false,
          "_timeout": 2000
        }
      ],
      "passes": [],
      "failures": [],
      "pending": [],
      "skipped": [],
      "duration": 0,
      "root": true,
      "rootEmpty": true,
      "_timeout": 2000
    }
  ],
  "meta": {
    "mocha": {
      "version": "7.0.1"
    },
    "mochawesome": {
      "options": {
        "quiet": false,
        "reportFilename": "mochawesome",
        "saveHtml": false,
        "saveJson": true,
        "consoleReporter": "spec",
        "useInlineDiffs": false,
        "code": true
      },
      "version": "7.1.3"
    },
    "marge": {
      "options": {
        "reportDir": "cypress/reports/.jsons",
        "charts": true,
        "reportPageTitle": "My Test Suite",
        "embeddedScreenshots": true,
        "inlineAssets": true,
        "overwrite": false,
        "html": false,
        "json": true
      },
      "version": "6.2.0"
    }
  }
}