{
  "stats": {
    "suites": 2,
    "tests": 2,
    "passes": 0,
    "pending": 0,
    "failures": 2,
    "start": "2022-12-30T02:25:48.095Z",
    "end": "2022-12-30T02:25:49.140Z",
    "duration": 1045,
    "testsRegistered": 2,
    "passPercent": 0,
    "pendingPercent": 0,
    "other": 0,
    "hasOther": false,
    "skipped": 0,
    "hasSkipped": false
  },
  "results": [
    {
      "uuid": "e8aa0bb2-aa2e-483b-8b63-97ef796d6f59",
      "title": "",
      "fullFile": "cypress/integration/Main Project/skyrizi_de/otherfunc.js",
      "file": "cypress/integration/Main Project/skyrizi_de/otherfunc.js",
      "beforeHooks": [],
      "afterHooks": [],
      "tests": [],
      "suites": [
        {
          "uuid": "1a312347-0720-412f-959b-f6e021f9841e",
          "title": "Infocenter Skyrizi de Sitemap",
          "fullFile": "",
          "file": "",
          "beforeHooks": [],
          "afterHooks": [],
          "tests": [
            {
              "title": "Visit BK and Check Sitemap",
              "fullTitle": "Infocenter Skyrizi de Sitemap Visit BK and Check Sitemap",
              "timedOut": null,
              "duration": 410,
              "state": "failed",
              "speed": null,
              "pass": false,
              "fail": true,
              "pending": false,
              "context": "{\n  \"title\": \"cypress-mochawesome-reporter-screenshots\",\n  \"value\": [\n    [\n      {\n        \"title\": \"Failed screenshot\",\n        \"value\": \"/Main Project/skyrizi_de/otherfunc.js/Infocenter Skyrizi de Sitemap -- Visit BK and Check Sitemap (failed).png\"\n      }\n    ]\n  ]\n}",
              "code": "cy.request(\"https://www-q.skyrizi.de/sitemap.xml\"); //sitemap\ncy.wait(pause);",
              "err": {
                "message": "CypressError: `cy.request()` failed on:\n\nhttps://www-q.skyrizi.de/sitemap.xml\n\nThe response we received from your web server was:\n\n  > 403: Forbidden\n\nThis was considered a failure because the status code was not `2xx` or `3xx`.\n\nIf you do not want status codes to cause failures pass the option: `failOnStatusCode: false`\n\n-----------------------------------------------------------\n\nThe request we sent was:\n\nMethod: GET\nURL: https://www-q.skyrizi.de/sitemap.xml\nHeaders: {\n  \"Connection\": \"keep-alive\",\n  \"user-agent\": \"Mozilla/5.0 (Macintosh; Intel Mac OS X 10_15_7) AppleWebKit/537.36 (KHTML, like Gecko) Cypress/9.4.1 Chrome/94.0.4606.81 Electron/15.3.4 Safari/537.36\",\n  \"accept\": \"*/*\",\n  \"accept-encoding\": \"gzip, deflate\"\n}\n\n-----------------------------------------------------------\n\nThe response we got was:\n\nStatus: 403 - Forbidden\nHeaders: {\n  \"date\": \"Fri, 30 Dec 2022 02:25:48 GMT\",\n  \"content-type\": \"text/html; charset=iso-8859-1\",\n  \"content-length\": \"258\",\n  \"connection\": \"keep-alive\",\n  \"set-cookie\": [\n    \"AWSALB=Q9xfissdoffsMqwX48IYg4r/9UKOr7gga7kC3sCEEnTHPO3Z7ebL/Eouhe6TiAQkERER7xuTAlTduV4m/Ow4sefbm0Mz37g2JN5sstCoXL+E0aH5Wf7oOVtBm2AS; Expires=Fri, 06 Jan 2023 02:25:48 GMT; Path=/\",\n    \"AWSALBCORS=Q9xfissdoffsMqwX48IYg4r/9UKOr7gga7kC3sCEEnTHPO3Z7ebL/Eouhe6TiAQkERER7xuTAlTduV4m/Ow4sefbm0Mz37g2JN5sstCoXL+E0aH5Wf7oOVtBm2AS; Expires=Fri, 06 Jan 2023 02:25:48 GMT; Path=/; SameSite=None; Secure\"\n  ],\n  \"server\": \"Apache\"\n}\nBody: <!DOCTYPE HTML PUBLIC \"-//IETF//DTD HTML 2.0//EN\">\n<html><head>\n<title>403 Forbidden</title>\n</head><body>\n<h1>Forbidden</h1>\n<p>You don't have permission to access /content/abbvie-baukasten-de/skyrizi-de/de/de/sitemap.xml\non this server.</p>\n</body></html>\n\nhttps://on.cypress.io/request",
                "estack": "CypressError: `cy.request()` failed on:\n\nhttps://www-q.skyrizi.de/sitemap.xml\n\nThe response we received from your web server was:\n\n  > 403: Forbidden\n\nThis was considered a failure because the status code was not `2xx` or `3xx`.\n\nIf you do not want status codes to cause failures pass the option: `failOnStatusCode: false`\n\n-----------------------------------------------------------\n\nThe request we sent was:\n\nMethod: GET\nURL: https://www-q.skyrizi.de/sitemap.xml\nHeaders: {\n  \"Connection\": \"keep-alive\",\n  \"user-agent\": \"Mozilla/5.0 (Macintosh; Intel Mac OS X 10_15_7) AppleWebKit/537.36 (KHTML, like Gecko) Cypress/9.4.1 Chrome/94.0.4606.81 Electron/15.3.4 Safari/537.36\",\n  \"accept\": \"*/*\",\n  \"accept-encoding\": \"gzip, deflate\"\n}\n\n-----------------------------------------------------------\n\nThe response we got was:\n\nStatus: 403 - Forbidden\nHeaders: {\n  \"date\": \"Fri, 30 Dec 2022 02:25:48 GMT\",\n  \"content-type\": \"text/html; charset=iso-8859-1\",\n  \"content-length\": \"258\",\n  \"connection\": \"keep-alive\",\n  \"set-cookie\": [\n    \"AWSALB=Q9xfissdoffsMqwX48IYg4r/9UKOr7gga7kC3sCEEnTHPO3Z7ebL/Eouhe6TiAQkERER7xuTAlTduV4m/Ow4sefbm0Mz37g2JN5sstCoXL+E0aH5Wf7oOVtBm2AS; Expires=Fri, 06 Jan 2023 02:25:48 GMT; Path=/\",\n    \"AWSALBCORS=Q9xfissdoffsMqwX48IYg4r/9UKOr7gga7kC3sCEEnTHPO3Z7ebL/Eouhe6TiAQkERER7xuTAlTduV4m/Ow4sefbm0Mz37g2JN5sstCoXL+E0aH5Wf7oOVtBm2AS; Expires=Fri, 06 Jan 2023 02:25:48 GMT; Path=/; SameSite=None; Secure\"\n  ],\n  \"server\": \"Apache\"\n}\nBody: <!DOCTYPE HTML PUBLIC \"-//IETF//DTD HTML 2.0//EN\">\n<html><head>\n<title>403 Forbidden</title>\n</head><body>\n<h1>Forbidden</h1>\n<p>You don't have permission to access /content/abbvie-baukasten-de/skyrizi-de/de/de/sitemap.xml\non this server.</p>\n</body></html>\n\nhttps://on.cypress.io/request\n    at http://localhost:51128/__cypress/runner/cypress_runner.js:160569:80\n    at tryCatcher (http://localhost:51128/__cypress/runner/cypress_runner.js:13196:23)\n    at Promise._settlePromiseFromHandler (http://localhost:51128/__cypress/runner/cypress_runner.js:11131:31)\n    at Promise._settlePromise (http://localhost:51128/__cypress/runner/cypress_runner.js:11188:18)\n    at Promise._settlePromise0 (http://localhost:51128/__cypress/runner/cypress_runner.js:11233:10)\n    at Promise._settlePromises (http://localhost:51128/__cypress/runner/cypress_runner.js:11313:18)\n    at _drainQueueStep (http://localhost:51128/__cypress/runner/cypress_runner.js:7903:12)\n    at _drainQueue (http://localhost:51128/__cypress/runner/cypress_runner.js:7896:9)\n    at Async.../../node_modules/bluebird/js/release/async.js.Async._drainQueues (http://localhost:51128/__cypress/runner/cypress_runner.js:7912:5)\n    at Async.drainQueues (http://localhost:51128/__cypress/runner/cypress_runner.js:7782:14)\nFrom Your Spec Code:\n    at Context.eval (http://localhost:51128/__cypress/tests?p=cypress/integration/Main%2520Project/skyrizi_de/otherfunc.js:102:8)",
                "diff": null
              },
              "uuid": "d9a59389-7dad-4546-887c-a6500f29da0a",
              "parentUUID": "1a312347-0720-412f-959b-f6e021f9841e",
              "isHook": false,
              "skipped": false
            }
          ],
          "suites": [],
          "passes": [],
          "failures": [
            "d9a59389-7dad-4546-887c-a6500f29da0a"
          ],
          "pending": [],
          "skipped": [],
          "duration": 410,
          "root": false,
          "rootEmpty": false,
          "_timeout": 2000
        },
        {
          "uuid": "e04a7235-cbf9-46a4-ae9f-3ed6a62ea9ee",
          "title": "Infocenter Skyrizi de Robots.txt",
          "fullFile": "",
          "file": "",
          "beforeHooks": [],
          "afterHooks": [],
          "tests": [
            {
              "title": "Visit BK and Check Robots.txt",
              "fullTitle": "Infocenter Skyrizi de Robots.txt Visit BK and Check Robots.txt",
              "timedOut": null,
              "duration": 320,
              "state": "failed",
              "speed": null,
              "pass": false,
              "fail": true,
              "pending": false,
              "context": "{\n  \"title\": \"cypress-mochawesome-reporter-screenshots\",\n  \"value\": [\n    [\n      {\n        \"title\": \"Failed screenshot\",\n        \"value\": \"/Main Project/skyrizi_de/otherfunc.js/Infocenter Skyrizi de Robots.txt -- Visit BK and Check Robots.txt (failed).png\"\n      }\n    ]\n  ]\n}",
              "code": "cy.request(\"https://www-q.skyrizi.de/robots.txt\"); //robots\ncy.wait(pause);",
              "err": {
                "message": "CypressError: `cy.request()` failed on:\n\nhttps://www-q.skyrizi.de/robots.txt\n\nThe response we received from your web server was:\n\n  > 403: Forbidden\n\nThis was considered a failure because the status code was not `2xx` or `3xx`.\n\nIf you do not want status codes to cause failures pass the option: `failOnStatusCode: false`\n\n-----------------------------------------------------------\n\nThe request we sent was:\n\nMethod: GET\nURL: https://www-q.skyrizi.de/robots.txt\nHeaders: {\n  \"Connection\": \"keep-alive\",\n  \"user-agent\": \"Mozilla/5.0 (Macintosh; Intel Mac OS X 10_15_7) AppleWebKit/537.36 (KHTML, like Gecko) Cypress/9.4.1 Chrome/94.0.4606.81 Electron/15.3.4 Safari/537.36\",\n  \"accept\": \"*/*\",\n  \"cookie\": \"AWSALBCORS=Q9xfissdoffsMqwX48IYg4r/9UKOr7gga7kC3sCEEnTHPO3Z7ebL/Eouhe6TiAQkERER7xuTAlTduV4m/Ow4sefbm0Mz37g2JN5sstCoXL+E0aH5Wf7oOVtBm2AS; AWSALB=Q9xfissdoffsMqwX48IYg4r/9UKOr7gga7kC3sCEEnTHPO3Z7ebL/Eouhe6TiAQkERER7xuTAlTduV4m/Ow4sefbm0Mz37g2JN5sstCoXL+E0aH5Wf7oOVtBm2AS\",\n  \"accept-encoding\": \"gzip, deflate\"\n}\n\n-----------------------------------------------------------\n\nThe response we got was:\n\nStatus: 403 - Forbidden\nHeaders: {\n  \"date\": \"Fri, 30 Dec 2022 02:25:48 GMT\",\n  \"content-type\": \"text/html; charset=iso-8859-1\",\n  \"content-length\": \"255\",\n  \"connection\": \"keep-alive\",\n  \"set-cookie\": [\n    \"AWSALB=58TZxswqhK0eq5hxRFVPXZkKLpc/udlhsiTi5tx3wSoEzu5Kw5u84ShTsV36MTyUSrotbzEGfcVfxRIgEOCxJ4yXHzo4T7Q7u0AzzGSFR2hpjmHLn+85sqk1zOxZ; Expires=Fri, 06 Jan 2023 02:25:48 GMT; Path=/\",\n    \"AWSALBCORS=58TZxswqhK0eq5hxRFVPXZkKLpc/udlhsiTi5tx3wSoEzu5Kw5u84ShTsV36MTyUSrotbzEGfcVfxRIgEOCxJ4yXHzo4T7Q7u0AzzGSFR2hpjmHLn+85sqk1zOxZ; Expires=Fri, 06 Jan 2023 02:25:48 GMT; Path=/; SameSite=None; Secure\"\n  ],\n  \"server\": \"Apache\"\n}\nBody: <!DOCTYPE HTML PUBLIC \"-//IETF//DTD HTML 2.0//EN\">\n<html><head>\n<title>403 Forbidden</title>\n</head><body>\n<h1>Forbidden</h1>\n<p>You don't have permission to access /content/dam/abbvie-baukasten-de/skyrizi-de/robots.txt\non this server.</p>\n</body></html>\n\nhttps://on.cypress.io/request",
                "estack": "CypressError: `cy.request()` failed on:\n\nhttps://www-q.skyrizi.de/robots.txt\n\nThe response we received from your web server was:\n\n  > 403: Forbidden\n\nThis was considered a failure because the status code was not `2xx` or `3xx`.\n\nIf you do not want status codes to cause failures pass the option: `failOnStatusCode: false`\n\n-----------------------------------------------------------\n\nThe request we sent was:\n\nMethod: GET\nURL: https://www-q.skyrizi.de/robots.txt\nHeaders: {\n  \"Connection\": \"keep-alive\",\n  \"user-agent\": \"Mozilla/5.0 (Macintosh; Intel Mac OS X 10_15_7) AppleWebKit/537.36 (KHTML, like Gecko) Cypress/9.4.1 Chrome/94.0.4606.81 Electron/15.3.4 Safari/537.36\",\n  \"accept\": \"*/*\",\n  \"cookie\": \"AWSALBCORS=Q9xfissdoffsMqwX48IYg4r/9UKOr7gga7kC3sCEEnTHPO3Z7ebL/Eouhe6TiAQkERER7xuTAlTduV4m/Ow4sefbm0Mz37g2JN5sstCoXL+E0aH5Wf7oOVtBm2AS; AWSALB=Q9xfissdoffsMqwX48IYg4r/9UKOr7gga7kC3sCEEnTHPO3Z7ebL/Eouhe6TiAQkERER7xuTAlTduV4m/Ow4sefbm0Mz37g2JN5sstCoXL+E0aH5Wf7oOVtBm2AS\",\n  \"accept-encoding\": \"gzip, deflate\"\n}\n\n-----------------------------------------------------------\n\nThe response we got was:\n\nStatus: 403 - Forbidden\nHeaders: {\n  \"date\": \"Fri, 30 Dec 2022 02:25:48 GMT\",\n  \"content-type\": \"text/html; charset=iso-8859-1\",\n  \"content-length\": \"255\",\n  \"connection\": \"keep-alive\",\n  \"set-cookie\": [\n    \"AWSALB=58TZxswqhK0eq5hxRFVPXZkKLpc/udlhsiTi5tx3wSoEzu5Kw5u84ShTsV36MTyUSrotbzEGfcVfxRIgEOCxJ4yXHzo4T7Q7u0AzzGSFR2hpjmHLn+85sqk1zOxZ; Expires=Fri, 06 Jan 2023 02:25:48 GMT; Path=/\",\n    \"AWSALBCORS=58TZxswqhK0eq5hxRFVPXZkKLpc/udlhsiTi5tx3wSoEzu5Kw5u84ShTsV36MTyUSrotbzEGfcVfxRIgEOCxJ4yXHzo4T7Q7u0AzzGSFR2hpjmHLn+85sqk1zOxZ; Expires=Fri, 06 Jan 2023 02:25:48 GMT; Path=/; SameSite=None; Secure\"\n  ],\n  \"server\": \"Apache\"\n}\nBody: <!DOCTYPE HTML PUBLIC \"-//IETF//DTD HTML 2.0//EN\">\n<html><head>\n<title>403 Forbidden</title>\n</head><body>\n<h1>Forbidden</h1>\n<p>You don't have permission to access /content/dam/abbvie-baukasten-de/skyrizi-de/robots.txt\non this server.</p>\n</body></html>\n\nhttps://on.cypress.io/request\n    at http://localhost:51128/__cypress/runner/cypress_runner.js:160569:80\n    at tryCatcher (http://localhost:51128/__cypress/runner/cypress_runner.js:13196:23)\n    at Promise._settlePromiseFromHandler (http://localhost:51128/__cypress/runner/cypress_runner.js:11131:31)\n    at Promise._settlePromise (http://localhost:51128/__cypress/runner/cypress_runner.js:11188:18)\n    at Promise._settlePromise0 (http://localhost:51128/__cypress/runner/cypress_runner.js:11233:10)\n    at Promise._settlePromises (http://localhost:51128/__cypress/runner/cypress_runner.js:11313:18)\n    at _drainQueueStep (http://localhost:51128/__cypress/runner/cypress_runner.js:7903:12)\n    at _drainQueue (http://localhost:51128/__cypress/runner/cypress_runner.js:7896:9)\n    at Async.../../node_modules/bluebird/js/release/async.js.Async._drainQueues (http://localhost:51128/__cypress/runner/cypress_runner.js:7912:5)\n    at Async.drainQueues (http://localhost:51128/__cypress/runner/cypress_runner.js:7782:14)\nFrom Your Spec Code:\n    at Context.eval (http://localhost:51128/__cypress/tests?p=cypress/integration/Main%2520Project/skyrizi_de/otherfunc.js:109:8)",
                "diff": null
              },
              "uuid": "bb444660-6441-4da2-90f1-55773c72caa9",
              "parentUUID": "e04a7235-cbf9-46a4-ae9f-3ed6a62ea9ee",
              "isHook": false,
              "skipped": false
            }
          ],
          "suites": [],
          "passes": [],
          "failures": [
            "bb444660-6441-4da2-90f1-55773c72caa9"
          ],
          "pending": [],
          "skipped": [],
          "duration": 320,
          "root": false,
          "rootEmpty": false,
          "_timeout": 2000
        }
      ],
      "passes": [],
      "failures": [],
      "pending": [],
      "skipped": [],
      "duration": 0,
      "root": true,
      "rootEmpty": true,
      "_timeout": 2000
    }
  ],
  "meta": {
    "mocha": {
      "version": "7.0.1"
    },
    "mochawesome": {
      "options": {
        "quiet": false,
        "reportFilename": "mochawesome",
        "saveHtml": false,
        "saveJson": true,
        "consoleReporter": "spec",
        "useInlineDiffs": false,
        "code": true
      },
      "version": "7.1.3"
    },
    "marge": {
      "options": {
        "reportDir": "cypress/reports/.jsons",
        "charts": true,
        "reportPageTitle": "My Test Suite",
        "embeddedScreenshots": true,
        "inlineAssets": true,
        "overwrite": false,
        "html": false,
        "json": true
      },
      "version": "6.2.0"
    }
  }
}