{
  "stats": {
    "suites": 1,
    "tests": 1,
    "passes": 0,
    "pending": 0,
    "failures": 1,
    "start": "2022-12-30T02:25:52.208Z",
    "end": "2022-12-30T02:25:53.310Z",
    "duration": 1102,
    "testsRegistered": 1,
    "passPercent": 0,
    "pendingPercent": 0,
    "other": 0,
    "hasOther": false,
    "skipped": 0,
    "hasSkipped": false
  },
  "results": [
    {
      "uuid": "f7083d52-f512-4fdf-9431-fb39cab1038d",
      "title": "",
      "fullFile": "cypress/integration/Main Project/skyrizi_de/sample.js",
      "file": "cypress/integration/Main Project/skyrizi_de/sample.js",
      "beforeHooks": [],
      "afterHooks": [],
      "tests": [],
      "suites": [
        {
          "uuid": "a24f17ad-cd28-4024-8464-a8789a4d77c4",
          "title": "BK Skyrizi-de Request Sample",
          "fullFile": "",
          "file": "",
          "beforeHooks": [],
          "afterHooks": [],
          "tests": [
            {
              "title": "Visits Skyrizi-de",
              "fullTitle": "BK Skyrizi-de Request Sample Visits Skyrizi-de",
              "timedOut": null,
              "duration": 916,
              "state": "failed",
              "speed": null,
              "pass": false,
              "fail": true,
              "pending": false,
              "context": "{\n  \"title\": \"cypress-mochawesome-reporter-screenshots\",\n  \"value\": [\n    [\n      {\n        \"title\": \"Failed screenshot\",\n        \"value\": \"/Main Project/skyrizi_de/sample.js/BK Skyrizi-de Request Sample -- Visits Skyrizi-de (failed).png\"\n      }\n    ]\n  ]\n}",
              "code": "cy.visit('https://www-q.skyrizi.de/index.dc.html?2441139'); // dc login    \ncy.visit('https://www-q.skyrizi.de/start-closed/build-and-test/noor-aut/request-sample.html');\nCypress.on('uncaught:exception', (err, runnable) => {\n  return false;\n});\ncy.get('#acceptCookieButton').click(); // Accept cookie\ncy.get(':nth-child(17) > .btn').click(); //submit form without input\ncy.wait(pause); //check if all the mandatory fields are displaying error messages\ncy.get(':nth-child(5) > :nth-child(1) > .form-group > .text-danger').contains(sample_text1);\ncy.get(':nth-child(5) > :nth-child(2) > .form-group > .text-danger').contains(sample_text2);\ncy.get(':nth-child(6) > .text-danger').contains(sample_text3);\ncy.get('.col-9 > .form-group > .text-danger').contains(sample_text4);\ncy.get('.col-3 > .form-group > .text-danger').contains(sample_text5);\ncy.get(':nth-child(8) > .text-danger').contains(sample_text6);\ncy.get(':nth-child(9) > .text-danger').contains(sample_text7);\ncy.get(':nth-child(10) > .text-danger').contains(sample_text8);\ncy.get(':nth-child(11) > .text-danger').contains(sample_text9);\ncy.get(':nth-child(14) > .text-danger').contains(sample_text10);\ncy.get(':nth-child(15) > .text-danger').contains(sample_text11);\ncy.scrollTo('top');\ncy.wait(pause); //Request Sample form fill up with valid input\ncy.get('[name=salutation]').type(salutation);\ncy.get('[name=salutation]').should('have.value', salutation);\ncy.get('[name=honorificprefix]').type(title);\ncy.get('[name=honorificprefix]').should('have.value', title);\ncy.get('[name=firstname]').type(first_name);\ncy.get('[name=firstname]').should('have.value', first_name);\ncy.get('[name=lastname]').type(last_name);\ncy.get('[name=lastname]').should('have.value', last_name);\ncy.get('[name=institute]').type(university);\ncy.get('[name=institute]').should('have.value', university);\ncy.get('[name=street]').type(street_name);\ncy.get('[name=street]').should('have.value', street_name);\ncy.get('[name=streetno]').type(street_no);\ncy.get('[name=streetno]').should('have.value', street_no);\ncy.get('[name=zip]').type(zip);\ncy.get('[name=zip]').should('have.value', zip);\ncy.get('[name=city]').type(city);\ncy.get('[name=city]').should('have.value', city);\ncy.get('[name=tel]').type(phone);\ncy.get('[name=tel]').should('have.value', phone);\ncy.get('[name=email]').type(email);\ncy.get('[name=email]').should('have.value', email);\ncy.get('[name=freeText]').type(smaple_free_text);\ncy.get('[name=freeText]').should('have.value', sample_free_match_text);\ncy.get('select').select('number:1'); //select checkboxes\ncy.get(':nth-child(14) > .cmp-text > .form-check-label > p').click();\ncy.get(':nth-child(15) > .cmp-text > .form-check-label > p').click();\ncy.get(':nth-child(17) > .btn').click(); //click on submit button\ncy.scrollTo('top'); //cy.get(\".alert\").contains(\"Danke für Ihre Musteranforderung\"); // after successful submission displaying success message",
              "err": {
                "message": "CypressError: `cy.visit()` failed trying to load:\n\nhttps://www-q.skyrizi.de/index.dc.html?2441139\n\nThe response we received from your web server was:\n\n  > 403: Forbidden\n\nThis was considered a failure because the status code was not `2xx`.\n\nIf you do not want status codes to cause failures pass the option: `failOnStatusCode: false`",
                "estack": "CypressError: `cy.visit()` failed trying to load:\n\nhttps://www-q.skyrizi.de/index.dc.html?2441139\n\nThe response we received from your web server was:\n\n  > 403: Forbidden\n\nThis was considered a failure because the status code was not `2xx`.\n\nIf you do not want status codes to cause failures pass the option: `failOnStatusCode: false`\n    at http://localhost:51128/__cypress/runner/cypress_runner.js:159291:84\n    at visitFailedByErr (http://localhost:51128/__cypress/runner/cypress_runner.js:158660:12)\n    at http://localhost:51128/__cypress/runner/cypress_runner.js:159271:13\n    at tryCatcher (http://localhost:51128/__cypress/runner/cypress_runner.js:13196:23)\n    at Promise._settlePromiseFromHandler (http://localhost:51128/__cypress/runner/cypress_runner.js:11131:31)\n    at Promise._settlePromise (http://localhost:51128/__cypress/runner/cypress_runner.js:11188:18)\n    at Promise._settlePromise0 (http://localhost:51128/__cypress/runner/cypress_runner.js:11233:10)\n    at Promise._settlePromises (http://localhost:51128/__cypress/runner/cypress_runner.js:11309:18)\n    at _drainQueueStep (http://localhost:51128/__cypress/runner/cypress_runner.js:7903:12)\n    at _drainQueue (http://localhost:51128/__cypress/runner/cypress_runner.js:7896:9)\n    at Async.../../node_modules/bluebird/js/release/async.js.Async._drainQueues (http://localhost:51128/__cypress/runner/cypress_runner.js:7912:5)\n    at Async.drainQueues (http://localhost:51128/__cypress/runner/cypress_runner.js:7782:14)\nFrom Your Spec Code:\n    at Context.eval (http://localhost:51128/__cypress/tests?p=cypress/integration/Main%2520Project/skyrizi_de/sample.js:128:8)",
                "diff": null
              },
              "uuid": "c741727a-e435-41e9-bc59-3c830460a4cf",
              "parentUUID": "a24f17ad-cd28-4024-8464-a8789a4d77c4",
              "isHook": false,
              "skipped": false
            }
          ],
          "suites": [],
          "passes": [],
          "failures": [
            "c741727a-e435-41e9-bc59-3c830460a4cf"
          ],
          "pending": [],
          "skipped": [],
          "duration": 916,
          "root": false,
          "rootEmpty": false,
          "_timeout": 2000
        }
      ],
      "passes": [],
      "failures": [],
      "pending": [],
      "skipped": [],
      "duration": 0,
      "root": true,
      "rootEmpty": true,
      "_timeout": 2000
    }
  ],
  "meta": {
    "mocha": {
      "version": "7.0.1"
    },
    "mochawesome": {
      "options": {
        "quiet": false,
        "reportFilename": "mochawesome",
        "saveHtml": false,
        "saveJson": true,
        "consoleReporter": "spec",
        "useInlineDiffs": false,
        "code": true
      },
      "version": "7.1.3"
    },
    "marge": {
      "options": {
        "reportDir": "cypress/reports/.jsons",
        "charts": true,
        "reportPageTitle": "My Test Suite",
        "embeddedScreenshots": true,
        "inlineAssets": true,
        "overwrite": false,
        "html": false,
        "json": true
      },
      "version": "6.2.0"
    }
  }
}