{
  "stats": {
    "suites": 3,
    "tests": 3,
    "passes": 0,
    "pending": 0,
    "failures": 3,
    "start": "2022-12-30T02:25:43.206Z",
    "end": "2022-12-30T02:25:45.134Z",
    "duration": 1928,
    "testsRegistered": 3,
    "passPercent": 0,
    "pendingPercent": 0,
    "other": 0,
    "hasOther": false,
    "skipped": 0,
    "hasSkipped": false
  },
  "results": [
    {
      "uuid": "6bf8875f-2303-4597-ae85-ecea90104576",
      "title": "",
      "fullFile": "cypress/integration/Main Project/skyrizi_de/login.js",
      "file": "cypress/integration/Main Project/skyrizi_de/login.js",
      "beforeHooks": [],
      "afterHooks": [],
      "tests": [],
      "suites": [
        {
          "uuid": "031e274d-9beb-410c-a780-f09ddc626ac3",
          "title": "Infocenter Skyrizi de PIN Login",
          "fullFile": "",
          "file": "",
          "beforeHooks": [],
          "afterHooks": [],
          "tests": [
            {
              "title": "Visit BK and Check valid/invalid PIN",
              "fullTitle": "Infocenter Skyrizi de PIN Login Visit BK and Check valid/invalid PIN",
              "timedOut": null,
              "duration": 637,
              "state": "failed",
              "speed": null,
              "pass": false,
              "fail": true,
              "pending": false,
              "context": "{\n  \"title\": \"cypress-mochawesome-reporter-screenshots\",\n  \"value\": [\n    [\n      {\n        \"title\": \"Failed screenshot\",\n        \"value\": \"/Main Project/skyrizi_de/login.js/Infocenter Skyrizi de PIN Login -- Visit BK and Check validinvalid PIN (failed).png\"\n      }\n    ]\n  ]\n}",
              "code": "cy.visit('https://www-q.skyrizi.de'); //visit Skyrizi de stage site\ncy.get('#acceptCookieButton').click(); // Accept cookie\nCypress.on('uncaught:exception', (err, runnable) => {\n  return false;\n});\ncy.get('.nav > .nav-item__login > .nav-link').click(); // CLick on Login from navigation area\n//Verify Valid pin\ncy.get('#pin').type(valid_pin_skyrizi_de); // Provide Valid PIN\ncy.get('#pin').should('have.value', valid_pin_skyrizi_de);\ncy.wait(pause);\ncy.get('.form-group').contains(pin_button_text_skyrizi_de).click(); //click on PIN Login Button\ncy.get('.nav > .nav-item__logout > .nav-link > .nav-link__value').contains(logout_icd_sky).click();",
              "err": {
                "message": "CypressError: `cy.visit()` failed trying to load:\n\nhttps://www-q.skyrizi.de/\n\nThe response we received from your web server was:\n\n  > 403: Forbidden\n\nThis was considered a failure because the status code was not `2xx`.\n\nIf you do not want status codes to cause failures pass the option: `failOnStatusCode: false`",
                "estack": "CypressError: `cy.visit()` failed trying to load:\n\nhttps://www-q.skyrizi.de/\n\nThe response we received from your web server was:\n\n  > 403: Forbidden\n\nThis was considered a failure because the status code was not `2xx`.\n\nIf you do not want status codes to cause failures pass the option: `failOnStatusCode: false`\n    at http://localhost:51128/__cypress/runner/cypress_runner.js:159291:84\n    at visitFailedByErr (http://localhost:51128/__cypress/runner/cypress_runner.js:158660:12)\n    at http://localhost:51128/__cypress/runner/cypress_runner.js:159271:13\n    at tryCatcher (http://localhost:51128/__cypress/runner/cypress_runner.js:13196:23)\n    at Promise._settlePromiseFromHandler (http://localhost:51128/__cypress/runner/cypress_runner.js:11131:31)\n    at Promise._settlePromise (http://localhost:51128/__cypress/runner/cypress_runner.js:11188:18)\n    at Promise._settlePromise0 (http://localhost:51128/__cypress/runner/cypress_runner.js:11233:10)\n    at Promise._settlePromises (http://localhost:51128/__cypress/runner/cypress_runner.js:11309:18)\n    at _drainQueueStep (http://localhost:51128/__cypress/runner/cypress_runner.js:7903:12)\n    at _drainQueue (http://localhost:51128/__cypress/runner/cypress_runner.js:7896:9)\n    at Async.../../node_modules/bluebird/js/release/async.js.Async._drainQueues (http://localhost:51128/__cypress/runner/cypress_runner.js:7912:5)\n    at Async.drainQueues (http://localhost:51128/__cypress/runner/cypress_runner.js:7782:14)\nFrom Your Spec Code:\n    at Context.eval (http://localhost:51128/__cypress/tests?p=cypress/integration/Main%2520Project/skyrizi_de/login.js:107:8)",
                "diff": null
              },
              "uuid": "0e33b2db-80d6-4280-8175-b295f682e7fc",
              "parentUUID": "031e274d-9beb-410c-a780-f09ddc626ac3",
              "isHook": false,
              "skipped": false
            }
          ],
          "suites": [],
          "passes": [],
          "failures": [
            "0e33b2db-80d6-4280-8175-b295f682e7fc"
          ],
          "pending": [],
          "skipped": [],
          "duration": 637,
          "root": false,
          "rootEmpty": false,
          "_timeout": 2000
        },
        {
          "uuid": "7ce8736c-1c60-4eac-989c-107dc65c147a",
          "title": "Infocenter Skyrizi de DC Login",
          "fullFile": "",
          "file": "",
          "beforeHooks": [],
          "afterHooks": [],
          "tests": [
            {
              "title": "Visit BK and Check DC login",
              "fullTitle": "Infocenter Skyrizi de DC Login Visit BK and Check DC login",
              "timedOut": null,
              "duration": 704,
              "state": "failed",
              "speed": null,
              "pass": false,
              "fail": true,
              "pending": false,
              "context": "{\n  \"title\": \"cypress-mochawesome-reporter-screenshots\",\n  \"value\": [\n    [\n      {\n        \"title\": \"Failed screenshot\",\n        \"value\": \"/Main Project/skyrizi_de/login.js/Infocenter Skyrizi de DC Login -- Visit BK and Check DC login (failed).png\"\n      }\n    ]\n  ]\n}",
              "code": "cy.visit(\"https://www-q.skyrizi.de/start-closed/build-and-test/noor-aut/request-sample.html\"); //visit Skyrizi de\ncy.visit(\"https://www-q.skyrizi.de/index.dc.html?2441139\"); //dc login\ncy.get('#acceptCookieButton').click(); // Accept cookie\ncy.wait(pause);\ncy.get('.nav > .nav-item__logout > .nav-link > .nav-link__value').contains(logout_icd_sky).click();",
              "err": {
                "message": "CypressError: `cy.visit()` failed trying to load:\n\nhttps://www-q.skyrizi.de/start-closed/build-and-test/noor-aut/request-sample.html\n\nThe response we received from your web server was:\n\n  > 403: Forbidden\n\nThis was considered a failure because the status code was not `2xx`.\n\nIf you do not want status codes to cause failures pass the option: `failOnStatusCode: false`",
                "estack": "CypressError: `cy.visit()` failed trying to load:\n\nhttps://www-q.skyrizi.de/start-closed/build-and-test/noor-aut/request-sample.html\n\nThe response we received from your web server was:\n\n  > 403: Forbidden\n\nThis was considered a failure because the status code was not `2xx`.\n\nIf you do not want status codes to cause failures pass the option: `failOnStatusCode: false`\n    at http://localhost:51128/__cypress/runner/cypress_runner.js:159291:84\n    at visitFailedByErr (http://localhost:51128/__cypress/runner/cypress_runner.js:158660:12)\n    at http://localhost:51128/__cypress/runner/cypress_runner.js:159271:13\n    at tryCatcher (http://localhost:51128/__cypress/runner/cypress_runner.js:13196:23)\n    at Promise._settlePromiseFromHandler (http://localhost:51128/__cypress/runner/cypress_runner.js:11131:31)\n    at Promise._settlePromise (http://localhost:51128/__cypress/runner/cypress_runner.js:11188:18)\n    at Promise._settlePromise0 (http://localhost:51128/__cypress/runner/cypress_runner.js:11233:10)\n    at Promise._settlePromises (http://localhost:51128/__cypress/runner/cypress_runner.js:11309:18)\n    at _drainQueueStep (http://localhost:51128/__cypress/runner/cypress_runner.js:7903:12)\n    at _drainQueue (http://localhost:51128/__cypress/runner/cypress_runner.js:7896:9)\n    at Async.../../node_modules/bluebird/js/release/async.js.Async._drainQueues (http://localhost:51128/__cypress/runner/cypress_runner.js:7912:5)\n    at Async.drainQueues (http://localhost:51128/__cypress/runner/cypress_runner.js:7782:14)\nFrom Your Spec Code:\n    at Context.eval (http://localhost:51128/__cypress/tests?p=cypress/integration/Main%2520Project/skyrizi_de/login.js:128:8)",
                "diff": null
              },
              "uuid": "ae9e7d79-25f8-43c7-abe2-cb71ab636f70",
              "parentUUID": "7ce8736c-1c60-4eac-989c-107dc65c147a",
              "isHook": false,
              "skipped": false
            }
          ],
          "suites": [],
          "passes": [],
          "failures": [
            "ae9e7d79-25f8-43c7-abe2-cb71ab636f70"
          ],
          "pending": [],
          "skipped": [],
          "duration": 704,
          "root": false,
          "rootEmpty": false,
          "_timeout": 2000
        },
        {
          "uuid": "eaafb598-4612-4338-97fd-a3ecfb4af72b",
          "title": "Infocenter Skyrizi de Autologin Test",
          "fullFile": "",
          "file": "",
          "beforeHooks": [],
          "afterHooks": [],
          "tests": [
            {
              "title": "Visits ICR",
              "fullTitle": "Infocenter Skyrizi de Autologin Test Visits ICR",
              "timedOut": null,
              "duration": 221,
              "state": "failed",
              "speed": null,
              "pass": false,
              "fail": true,
              "pending": false,
              "context": "{\n  \"title\": \"cypress-mochawesome-reporter-screenshots\",\n  \"value\": [\n    [\n      {\n        \"title\": \"Failed screenshot\",\n        \"value\": \"/Main Project/skyrizi_de/login.js/Infocenter Skyrizi de Autologin Test -- Visits ICR (failed).png\"\n      }\n    ]\n  ]\n}",
              "code": "cy.visit('https://www-q.skyrizi.de');\ncy.visit('https://www-q.skyrizi.de/open.html?key006-test');\ncy.get('#acceptCookieButton').click(); // Accept cookie\ncy.wait(pause); // insert the valid key after the site url\ncy.get('.nav > .nav-item__logout > .nav-link > .nav-link__value').contains(logout_icd_sky).click(); // CLick on Logout button",
              "err": {
                "message": "CypressError: `cy.visit()` failed trying to load:\n\nhttps://www-q.skyrizi.de/\n\nThe response we received from your web server was:\n\n  > 403: Forbidden\n\nThis was considered a failure because the status code was not `2xx`.\n\nIf you do not want status codes to cause failures pass the option: `failOnStatusCode: false`",
                "estack": "CypressError: `cy.visit()` failed trying to load:\n\nhttps://www-q.skyrizi.de/\n\nThe response we received from your web server was:\n\n  > 403: Forbidden\n\nThis was considered a failure because the status code was not `2xx`.\n\nIf you do not want status codes to cause failures pass the option: `failOnStatusCode: false`\n    at http://localhost:51128/__cypress/runner/cypress_runner.js:159291:84\n    at visitFailedByErr (http://localhost:51128/__cypress/runner/cypress_runner.js:158660:12)\n    at http://localhost:51128/__cypress/runner/cypress_runner.js:159271:13\n    at tryCatcher (http://localhost:51128/__cypress/runner/cypress_runner.js:13196:23)\n    at Promise._settlePromiseFromHandler (http://localhost:51128/__cypress/runner/cypress_runner.js:11131:31)\n    at Promise._settlePromise (http://localhost:51128/__cypress/runner/cypress_runner.js:11188:18)\n    at Promise._settlePromise0 (http://localhost:51128/__cypress/runner/cypress_runner.js:11233:10)\n    at Promise._settlePromises (http://localhost:51128/__cypress/runner/cypress_runner.js:11309:18)\n    at _drainQueueStep (http://localhost:51128/__cypress/runner/cypress_runner.js:7903:12)\n    at _drainQueue (http://localhost:51128/__cypress/runner/cypress_runner.js:7896:9)\n    at Async.../../node_modules/bluebird/js/release/async.js.Async._drainQueues (http://localhost:51128/__cypress/runner/cypress_runner.js:7912:5)\n    at Async.drainQueues (http://localhost:51128/__cypress/runner/cypress_runner.js:7782:14)\nFrom Your Spec Code:\n    at Context.eval (http://localhost:51128/__cypress/tests?p=cypress/integration/Main%2520Project/skyrizi_de/login.js:140:8)",
                "diff": null
              },
              "uuid": "e2ee7b86-f6d5-45cc-a9de-da9290bf439f",
              "parentUUID": "eaafb598-4612-4338-97fd-a3ecfb4af72b",
              "isHook": false,
              "skipped": false
            }
          ],
          "suites": [],
          "passes": [],
          "failures": [
            "e2ee7b86-f6d5-45cc-a9de-da9290bf439f"
          ],
          "pending": [],
          "skipped": [],
          "duration": 221,
          "root": false,
          "rootEmpty": false,
          "_timeout": 2000
        }
      ],
      "passes": [],
      "failures": [],
      "pending": [],
      "skipped": [],
      "duration": 0,
      "root": true,
      "rootEmpty": true,
      "_timeout": 2000
    }
  ],
  "meta": {
    "mocha": {
      "version": "7.0.1"
    },
    "mochawesome": {
      "options": {
        "quiet": false,
        "reportFilename": "mochawesome",
        "saveHtml": false,
        "saveJson": true,
        "consoleReporter": "spec",
        "useInlineDiffs": false,
        "code": true
      },
      "version": "7.1.3"
    },
    "marge": {
      "options": {
        "reportDir": "cypress/reports/.jsons",
        "charts": true,
        "reportPageTitle": "My Test Suite",
        "embeddedScreenshots": true,
        "inlineAssets": true,
        "overwrite": false,
        "html": false,
        "json": true
      },
      "version": "6.2.0"
    }
  }
}